BioNetGen version 2.8.2
Reading from file c:\PhD_2023\test_ABC\LR_comp\2025_02_12__12_35_48\LR_comp.bngl (level 0)
Read 11 parameters.
Read 3 compartments.
Read 2 molecule types.
Read 2 species.
Read 3 observable(s).
Read 1 reaction rule(s).
ACTION: simulate( method=>"cvode" )
ACTION: generate_network( LR_comp )
Iteration   0:     2 species      0 rxns  0.00e+00 CPU s
Iteration   1:     3 species      1 rxns  0.00e+00 CPU s
Iteration   2:     3 species      2 rxns  1.60e-02 CPU s
Cumulative CPU time for each rule
Rule   1:     2 reactions 1.60e-02 CPU s 8.00e-03 CPU s/rxn
Total   :     2 reactions 1.60e-02 CPU s 8.00e-03 CPU s/rxn
Wrote network in net format to LR_comp.net.
Network simulation using cvode
WARNING: writeFile(): Overwriting existing file LR_comp.net.
Wrote network in net format to LR_comp.net.
Running run_network on Susana-laptop
full command: C:\Python39\lib\site-packages\bionetgen\bng-win\bin\run_network.exe -o LR_comp -p cvode -a 1e-08 -r 1e-08 --cdat 1 --fdat 0 -g LR_comp.net LR_comp.net 0.6 500
[simulation PID is: 34768]
run_network 3.0
Read 11 parameters from LR_comp.net
Read 3 species from LR_comp.net
Read 3 group(s) from LR_comp.net
Read 0 function(s) from LR_comp.net
Read 2 reaction(s) from LR_comp.net
2 reaction(s) have nonzero rate
Initialization took 0.05 CPU seconds
Propagating with cvode using dense LU
Time course of concentrations written to file LR_comp.cdat.
Time course of groups written to file LR_comp.gdat.
Propagation took 4.70e-02 CPU seconds
Program times:  0.09 CPU s 0.00 clock s
Updating species concentrations from LR_comp.cdat
CPU TIME: simulate 0.02 s.
Finished processing file c:\PhD_2023\test_ABC\LR_comp\2025_02_12__12_35_48\LR_comp.bngl.
CPU TIME: total 0.02 s.